app/manifest-merger-release-report.txt
-- Merging decision tree log ---
manifest
ADDED from AndroidManifest.xml:2:1
	xmlns:android
		ADDED from AndroidManifest.xml:2:11
	package
		ADDED from AndroidManifest.xml:3:5
		INJECTED from AndroidManifest.xml:0:0
		INJECTED from AndroidManifest.xml:0:0
	android:versionName
		INJECTED from AndroidManifest.xml:0:0
		INJECTED from AndroidManifest.xml:0:0
	android:versionCode
		INJECTED from AndroidManifest.xml:0:0
		INJECTED from AndroidManifest.xml:0:0
uses-permission#android.permission.INTERNET
ADDED from AndroidManifest.xml:5:5
	android:name
		ADDED from AndroidManifest.xml:5:22
uses-permission#android.permission.ACCESS_NETWORK_STATE
ADDED from AndroidManifest.xml:6:5
	android:name
		ADDED from AndroidManifest.xml:6:22
uses-permission#android.permission.WAKE_LOCK
ADDED from AndroidManifest.xml:7:5
	android:name
		ADDED from AndroidManifest.xml:7:22
uses-permission#android.permission.VIBRATE
ADDED from AndroidManifest.xml:8:5
MERGED from com.journeyapps:zxing-android-legacy:2.0.1:25:5
	android:name
		ADDED from AndroidManifest.xml:8:22
uses-permission#android.permission.RECEIVE_BOOT_COMPLETED
ADDED from AndroidManifest.xml:9:5
	android:name
		ADDED from AndroidManifest.xml:9:22
uses-permission#android.permission.GET_ACCOUNTS
ADDED from AndroidManifest.xml:10:5
	android:name
		ADDED from AndroidManifest.xml:10:22
uses-permission#com.google.android.c2dm.permission.RECEIVE
ADDED from AndroidManifest.xml:11:5
	android:name
		ADDED from AndroidManifest.xml:11:22
uses-permission#android.permission.WRITE_EXTERNAL_STORAGE
ADDED from AndroidManifest.xml:12:5
	android:name
		ADDED from AndroidManifest.xml:12:22
uses-permission#android.permission.ACCESS_COARSE_LOCATION
ADDED from AndroidManifest.xml:13:5
	android:name
		ADDED from AndroidManifest.xml:13:22
uses-permission#android.permission.ACCESS_FINE_LOCATION
ADDED from AndroidManifest.xml:14:5
	android:name
		ADDED from AndroidManifest.xml:14:22
permission#mx.mobile.junamex.permission.C2D_MESSAGE
ADDED from AndroidManifest.xml:16:5
	android:protectionLevel
		ADDED from AndroidManifest.xml:18:9
	android:name
		ADDED from AndroidManifest.xml:17:9
uses-permission#mx.mobile.junamex.permission.C2D_MESSAGE
ADDED from AndroidManifest.xml:20:5
	android:name
		ADDED from AndroidManifest.xml:20:22
uses-feature#0x00020000
ADDED from AndroidManifest.xml:22:5
	android:required
		ADDED from AndroidManifest.xml:24:9
	android:glEsVersion
		ADDED from AndroidManifest.xml:23:9
application
ADDED from AndroidManifest.xml:26:5
MERGED from com.android.support:appcompat-v7:21.0.3:16:5
MERGED from com.android.support:support-v4:21.0.3:16:5
MERGED from com.android.support:cardview-v7:21.0.3:16:5
MERGED from com.android.support:recyclerview-v7:21.0.3:17:5
MERGED from com.android.support:support-v4:21.0.3:16:5
MERGED from com.android.support:palette-v7:21.0.3:16:5
MERGED from com.android.support:support-v4:21.0.3:16:5
MERGED from de.hdodenhof:circleimageview:1.2.1:9:5
MERGED from com.google.android.gms:play-services-maps:6.5.87:19:5
MERGED from com.google.android.gms:play-services-base:6.5.87:20:5
MERGED from com.android.support:support-v4:21.0.3:16:5
MERGED from com.melnykov:floatingactionbutton:1.1.0:12:5
MERGED from com.android.support:recyclerview-v7:21.0.3:17:5
MERGED from com.android.support:support-v4:21.0.3:16:5
MERGED from com.journeyapps:zxing-android-legacy:2.0.1:60:5
MERGED from com.journeyapps:zxing-android-integration:2.0.1:9:5
MERGED from com.facebook.android:facebook-android-sdk:3.21.1:24:5
MERGED from com.android.support:support-v4:21.0.3:16:5
MERGED from com.android.support:android-support-v4-preferencefragment:1.0.0:24:5
MERGED from com.android.support:support-v4:21.0.3:16:5
	android:label
		ADDED from AndroidManifest.xml:30:9
	android:allowBackup
		ADDED from AndroidManifest.xml:28:9
	android:icon
		ADDED from AndroidManifest.xml:29:9
	android:theme
		ADDED from AndroidManifest.xml:31:9
	android:name
		ADDED from AndroidManifest.xml:27:9
activity#mx.mobile.junamex.TutorialActivity
ADDED from AndroidManifest.xml:32:9
	android:label
		ADDED from AndroidManifest.xml:34:13
	android:name
		ADDED from AndroidManifest.xml:33:13
intent-filter#android.intent.action.MAIN+android.intent.category.LAUNCHER
ADDED from AndroidManifest.xml:36:13
action#android.intent.action.MAIN
ADDED from AndroidManifest.xml:37:17
	android:name
		ADDED from AndroidManifest.xml:37:25
category#android.intent.category.LAUNCHER
ADDED from AndroidManifest.xml:38:17
	android:name
		ADDED from AndroidManifest.xml:38:27
activity#mx.mobile.junamex.MainActivity
ADDED from AndroidManifest.xml:42:9
	android:label
		ADDED from AndroidManifest.xml:44:13
	android:name
		ADDED from AndroidManifest.xml:43:13
activity#mx.mobile.junamex.EventDetailActivity
ADDED from AndroidManifest.xml:46:9
	android:name
		ADDED from AndroidManifest.xml:46:19
activity#mx.mobile.junamex.MuseumDetailActivity
ADDED from AndroidManifest.xml:47:9
	android:name
		ADDED from AndroidManifest.xml:47:19
activity#mx.mobile.junamex.PeopleDetailActivity
ADDED from AndroidManifest.xml:48:9
	android:name
		ADDED from AndroidManifest.xml:48:19
activity#mx.mobile.junamex.PeopleAddEditActivity
ADDED from AndroidManifest.xml:49:9
	android:name
		ADDED from AndroidManifest.xml:49:19
activity#mx.mobile.junamex.MapActivity
ADDED from AndroidManifest.xml:50:9
	android:name
		ADDED from AndroidManifest.xml:50:19
activity#com.facebook.LoginActivity
ADDED from AndroidManifest.xml:51:9
	android:name
		ADDED from AndroidManifest.xml:51:19
service#com.parse.PushService
ADDED from AndroidManifest.xml:53:9
	android:name
		ADDED from AndroidManifest.xml:53:18
receiver#com.parse.ParseBroadcastReceiver
ADDED from AndroidManifest.xml:55:9
	android:name
		ADDED from AndroidManifest.xml:55:19
intent-filter#android.intent.action.BOOT_COMPLETED+android.intent.action.USER_PRESENT
ADDED from AndroidManifest.xml:56:13
action#android.intent.action.BOOT_COMPLETED
ADDED from AndroidManifest.xml:57:17
	android:name
		ADDED from AndroidManifest.xml:57:25
action#android.intent.action.USER_PRESENT
ADDED from AndroidManifest.xml:58:17
	android:name
		ADDED from AndroidManifest.xml:58:25
receiver#mx.mobile.utils.PushReceiver
ADDED from AndroidManifest.xml:61:9
	android:exported
		ADDED from AndroidManifest.xml:63:13
	android:name
		ADDED from AndroidManifest.xml:62:13
intent-filter#com.parse.push.intent.DELETE+com.parse.push.intent.OPEN+com.parse.push.intent.RECEIVE
ADDED from AndroidManifest.xml:64:13
action#com.parse.push.intent.RECEIVE
ADDED from AndroidManifest.xml:65:17
	android:name
		ADDED from AndroidManifest.xml:65:25
action#com.parse.push.intent.DELETE
ADDED from AndroidManifest.xml:66:17
	android:name
		ADDED from AndroidManifest.xml:66:25
action#com.parse.push.intent.OPEN
ADDED from AndroidManifest.xml:67:17
	android:name
		ADDED from AndroidManifest.xml:67:25
receiver#com.parse.GcmBroadcastReceiver
ADDED from AndroidManifest.xml:70:9
	android:permission
		ADDED from AndroidManifest.xml:72:13
	android:name
		ADDED from AndroidManifest.xml:71:13
intent-filter#com.google.android.c2dm.intent.RECEIVE+com.google.android.c2dm.intent.REGISTRATION+mx.mobile.junamex
ADDED from AndroidManifest.xml:73:13
action#com.google.android.c2dm.intent.RECEIVE
ADDED from AndroidManifest.xml:74:17
	android:name
		ADDED from AndroidManifest.xml:74:25
action#com.google.android.c2dm.intent.REGISTRATION
ADDED from AndroidManifest.xml:75:17
	android:name
		ADDED from AndroidManifest.xml:75:25
category#mx.mobile.junamex
ADDED from AndroidManifest.xml:77:17
	android:name
		ADDED from AndroidManifest.xml:77:27
meta-data#com.google.android.gms.version
ADDED from AndroidManifest.xml:81:9
MERGED from com.google.android.gms:play-services-base:6.5.87:21:9
	android:name
		ADDED from AndroidManifest.xml:82:13
	android:value
		ADDED from AndroidManifest.xml:83:13
meta-data#com.google.android.maps.v2.API_KEY
ADDED from AndroidManifest.xml:84:9
	android:name
		ADDED from AndroidManifest.xml:85:13
	android:value
		ADDED from AndroidManifest.xml:86:13
meta-data#com.facebook.sdk.ApplicationId
ADDED from AndroidManifest.xml:87:9
	android:name
		ADDED from AndroidManifest.xml:88:13
	android:value
		ADDED from AndroidManifest.xml:89:13
uses-sdk
INJECTED from AndroidManifest.xml:0:0 reason: use-sdk injection requested
MERGED from com.android.support:appcompat-v7:21.0.3:15:5
MERGED from com.android.support:support-v4:21.0.3:15:5
MERGED from com.android.support:cardview-v7:21.0.3:15:5
MERGED from com.android.support:recyclerview-v7:21.0.3:15:5
MERGED from com.android.support:support-v4:21.0.3:15:5
MERGED from com.android.support:palette-v7:21.0.3:15:5
MERGED from com.android.support:support-v4:21.0.3:15:5
MERGED from de.hdodenhof:circleimageview:1.2.1:5:5
MERGED from com.google.android.gms:play-services-maps:6.5.87:18:5
MERGED from com.google.android.gms:play-services-base:6.5.87:18:5
MERGED from com.android.support:support-v4:21.0.3:15:5
MERGED from com.melnykov:floatingactionbutton:1.1.0:8:5
MERGED from com.android.support:recyclerview-v7:21.0.3:15:5
MERGED from com.android.support:support-v4:21.0.3:15:5
MERGED from com.journeyapps:zxing-android-legacy:2.0.1:20:5
MERGED from com.journeyapps:zxing-android-integration:2.0.1:5:5
MERGED from com.facebook.android:facebook-android-sdk:3.21.1:20:5
MERGED from com.android.support:support-v4:21.0.3:15:5
MERGED from me.relex:circleindicator:1.0.0:16:5
MERGED from com.android.support:android-support-v4-preferencefragment:1.0.0:20:5
MERGED from com.android.support:support-v4:21.0.3:15:5
	android:targetSdkVersion
		INJECTED from AndroidManifest.xml:0:0
		INJECTED from AndroidManifest.xml:0:0
	android:minSdkVersion
		INJECTED from AndroidManifest.xml:0:0
		INJECTED from AndroidManifest.xml:0:0
activity#android.support.v7.widget.TestActivity
ADDED from com.android.support:recyclerview-v7:21.0.3:18:9
MERGED from com.android.support:recyclerview-v7:21.0.3:18:9
	android:label
		ADDED from com.android.support:recyclerview-v7:21.0.3:18:19
	android:name
		ADDED from com.android.support:recyclerview-v7:21.0.3:18:60
uses-permission#android.permission.CAMERA
ADDED from com.journeyapps:zxing-android-legacy:2.0.1:24:5
	android:name
		ADDED from com.journeyapps:zxing-android-legacy:2.0.1:24:22
uses-permission#android.permission.FLASHLIGHT
ADDED from com.journeyapps:zxing-android-legacy:2.0.1:26:5
	android:name
		ADDED from com.journeyapps:zxing-android-legacy:2.0.1:26:22
uses-feature#android.hardware.camera
ADDED from com.journeyapps:zxing-android-legacy:2.0.1:29:5
	android:required
		ADDED from com.journeyapps:zxing-android-legacy:2.0.1:31:9
	android:name
		ADDED from com.journeyapps:zxing-android-legacy:2.0.1:30:9
uses-feature#android.hardware.camera.front
ADDED from com.journeyapps:zxing-android-legacy:2.0.1:32:5
	android:required
		ADDED from com.journeyapps:zxing-android-legacy:2.0.1:34:9
	android:name
		ADDED from com.journeyapps:zxing-android-legacy:2.0.1:33:9
uses-feature#android.hardware.camera.autofocus
ADDED from com.journeyapps:zxing-android-legacy:2.0.1:37:5
	android:required
		ADDED from com.journeyapps:zxing-android-legacy:2.0.1:39:9
	android:name
		ADDED from com.journeyapps:zxing-android-legacy:2.0.1:38:9
uses-feature#android.hardware.camera.flash
ADDED from com.journeyapps:zxing-android-legacy:2.0.1:40:5
	android:required
		ADDED from com.journeyapps:zxing-android-legacy:2.0.1:42:9
	android:name
		ADDED from com.journeyapps:zxing-android-legacy:2.0.1:41:9
uses-feature#android.hardware.screen.landscape
ADDED from com.journeyapps:zxing-android-legacy:2.0.1:43:5
	android:required
		ADDED from com.journeyapps:zxing-android-legacy:2.0.1:45:9
	android:name
		ADDED from com.journeyapps:zxing-android-legacy:2.0.1:44:9
uses-feature#android.hardware.wifi
ADDED from com.journeyapps:zxing-android-legacy:2.0.1:46:5
	android:required
		ADDED from com.journeyapps:zxing-android-legacy:2.0.1:48:9
	android:name
		ADDED from com.journeyapps:zxing-android-legacy:2.0.1:47:9
supports-screens
ADDED from com.journeyapps:zxing-android-legacy:2.0.1:53:5
	android:largeScreens
		ADDED from com.journeyapps:zxing-android-legacy:2.0.1:55:9
	android:anyDensity
		ADDED from com.journeyapps:zxing-android-legacy:2.0.1:54:9
	android:normalScreens
		ADDED from com.journeyapps:zxing-android-legacy:2.0.1:56:9
	android:xlargeScreens
		ADDED from com.journeyapps:zxing-android-legacy:2.0.1:58:9
	android:smallScreens
		ADDED from com.journeyapps:zxing-android-legacy:2.0.1:57:9
activity#com.google.zxing.client.androidlegacy.CaptureActivity
ADDED from com.journeyapps:zxing-android-legacy:2.0.1:61:9
	android:windowSoftInputMode
		ADDED from com.journeyapps:zxing-android-legacy:2.0.1:68:13
	android:screenOrientation
		ADDED from com.journeyapps:zxing-android-legacy:2.0.1:65:13
	android:configChanges
		ADDED from com.journeyapps:zxing-android-legacy:2.0.1:64:13
	android:theme
		ADDED from com.journeyapps:zxing-android-legacy:2.0.1:67:13
	android:stateNotNeeded
		ADDED from com.journeyapps:zxing-android-legacy:2.0.1:66:13
	android:clearTaskOnLaunch
		ADDED from com.journeyapps:zxing-android-legacy:2.0.1:63:13
	android:name
		ADDED from com.journeyapps:zxing-android-legacy:2.0.1:62:13
activity#com.google.zxing.client.androidlegacy.HelpActivity
ADDED from com.journeyapps:zxing-android-legacy:2.0.1:69:9
	android:screenOrientation
		ADDED from com.journeyapps:zxing-android-legacy:2.0.1:71:13
	android:name
		ADDED from com.journeyapps:zxing-android-legacy:2.0.1:70:13
activity#com.google.zxing.client.androidlegacy.encode.EncodeActivity
ADDED from com.journeyapps:zxing-android-legacy:2.0.1:72:9
	android:screenOrientation
		ADDED from com.journeyapps:zxing-android-legacy:2.0.1:74:13
	android:name
		ADDED from com.journeyapps:zxing-android-legacy:2.0.1:73:13